2023-12-21 18:03:14,722 [Worker-5: Loading available Gradle versions] INFO  o.e.b.c.i.u.g.PublishedGradleVersions - Gradle version information cache is up-to-date. Trying to read.
2023-12-21 18:03:41,729 [Worker-0: Creating project "Prep2"] INFO  o.e.m.c.i.l.LifecycleMappingFactory - Using org.eclipse.m2e.jdt.JarLifecycleMapping lifecycle mapping for MavenProject: Prep2:Prep2:0.0.1-SNAPSHOT @ C:\Users\E010302\eclipse-workspace\Preparation2\Prep2\pom.xml.
2023-12-21 18:03:42,438 [Worker-0: Creating project "Prep2"] INFO  o.e.m.j.i.AbstractJavaProjectConfigurator - Adding source folder /Prep2/src/main/java
2023-12-21 18:03:42,439 [Worker-0: Creating project "Prep2"] INFO  o.e.m.j.i.AbstractJavaProjectConfigurator - Adding resource folder /Prep2/src/main/resources
2023-12-21 18:03:42,440 [Worker-0: Creating project "Prep2"] INFO  o.e.m.j.i.AbstractJavaProjectConfigurator - Adding source folder /Prep2/src/test/java
2023-12-21 18:03:42,441 [Worker-0: Creating project "Prep2"] INFO  o.e.m.j.i.AbstractJavaProjectConfigurator - Adding resource folder /Prep2/src/test/resources
2023-12-21 18:03:43,290 [Worker-7: Building] WARN  o.a.m.s.f.DefaultMavenResourcesFiltering - Using platform encoding (Cp1252 actually) to copy filtered resources, i.e. build is platform dependent!
2023-12-21 18:03:43,299 [Worker-7: Building] INFO  o.a.m.s.f.DefaultMavenResourcesFiltering - Copying 0 resource from src\main\resources to target\classes
2023-12-21 18:03:43,311 [Worker-7: Building] WARN  o.a.m.s.f.DefaultMavenResourcesFiltering - Using platform encoding (Cp1252 actually) to copy filtered resources, i.e. build is platform dependent!
2023-12-21 18:03:43,316 [Worker-7: Building] INFO  o.a.m.s.f.DefaultMavenResourcesFiltering - Copying 0 resource from src\test\resources to target\test-classes
2023-12-21 18:32:30,329 [Worker-26: Building] INFO  o.e.m.c.i.l.LifecycleMappingFactory - Using org.eclipse.m2e.jdt.JarLifecycleMapping lifecycle mapping for MavenProject: Prep2:Prep2:0.0.1-SNAPSHOT @ C:\Users\E010302\eclipse-workspace\Preparation2\Prep2\pom.xml.
2023-12-21 18:32:30,623 [Worker-26: Building] WARN  o.a.m.s.f.DefaultMavenResourcesFiltering - Using platform encoding (Cp1252 actually) to copy filtered resources, i.e. build is platform dependent!
2023-12-21 18:32:30,627 [Worker-26: Building] INFO  o.a.m.s.f.DefaultMavenResourcesFiltering - Copying 0 resource from src\main\resources to target\classes
2023-12-21 18:32:30,630 [Worker-26: Building] WARN  o.a.m.s.f.DefaultMavenResourcesFiltering - Using platform encoding (Cp1252 actually) to copy filtered resources, i.e. build is platform dependent!
2023-12-21 18:32:30,632 [Worker-26: Building] INFO  o.a.m.s.f.DefaultMavenResourcesFiltering - Copying 0 resource from src\test\resources to target\test-classes
2023-12-21 18:33:44,319 [Worker-18: Building] INFO  o.e.m.c.i.l.LifecycleMappingFactory - Using org.eclipse.m2e.jdt.JarLifecycleMapping lifecycle mapping for MavenProject: Prep2:Prep2:0.0.1-SNAPSHOT @ C:\Users\E010302\eclipse-workspace\Preparation2\Prep2\pom.xml.
2023-12-21 18:33:45,112 [Worker-18: Building] INFO  o.e.m.c.i.e.AbstractTransferListenerAdapter - Downloading https://repo.maven.apache.org/maven2/org/webjars/npm/jszip/maven-metadata.xml
2023-12-21 18:33:45,148 [Worker-18: Building] INFO  o.e.m.c.i.e.AbstractTransferListenerAdapter - Downloaded https://repo.maven.apache.org/maven2/org/webjars/npm/jszip/maven-metadata.xml
2023-12-21 18:33:45,254 [Worker-18: Building] INFO  o.e.m.c.i.e.AbstractTransferListenerAdapter - Downloading https://repo.maven.apache.org/maven2/org/webjars/npm/lie/maven-metadata.xml
2023-12-21 18:33:45,287 [Worker-18: Building] INFO  o.e.m.c.i.e.AbstractTransferListenerAdapter - Downloaded https://repo.maven.apache.org/maven2/org/webjars/npm/lie/maven-metadata.xml
2023-12-21 18:33:45,411 [Worker-18: Building] INFO  o.e.m.c.i.e.AbstractTransferListenerAdapter - Downloading https://repo.maven.apache.org/maven2/org/webjars/npm/immediate/maven-metadata.xml
2023-12-21 18:33:45,437 [Worker-18: Building] INFO  o.e.m.c.i.e.AbstractTransferListenerAdapter - Downloaded https://repo.maven.apache.org/maven2/org/webjars/npm/immediate/maven-metadata.xml
2023-12-21 18:33:45,526 [Worker-18: Building] INFO  o.e.m.c.i.e.AbstractTransferListenerAdapter - Downloading https://repo.maven.apache.org/maven2/org/webjars/npm/inline-process-browser/maven-metadata.xml
2023-12-21 18:33:45,542 [Worker-18: Building] INFO  o.e.m.c.i.e.AbstractTransferListenerAdapter - Downloaded https://repo.maven.apache.org/maven2/org/webjars/npm/inline-process-browser/maven-metadata.xml
2023-12-21 18:33:45,622 [Worker-18: Building] INFO  o.e.m.c.i.e.AbstractTransferListenerAdapter - Downloading https://repo.maven.apache.org/maven2/org/webjars/npm/falafel/maven-metadata.xml
2023-12-21 18:33:45,636 [Worker-18: Building] INFO  o.e.m.c.i.e.AbstractTransferListenerAdapter - Downloaded https://repo.maven.apache.org/maven2/org/webjars/npm/falafel/maven-metadata.xml
2023-12-21 18:33:45,748 [Worker-18: Building] INFO  o.e.m.c.i.e.AbstractTransferListenerAdapter - Downloading https://repo.maven.apache.org/maven2/org/webjars/npm/acorn/maven-metadata.xml
2023-12-21 18:33:45,770 [Worker-18: Building] INFO  o.e.m.c.i.e.AbstractTransferListenerAdapter - Downloaded https://repo.maven.apache.org/maven2/org/webjars/npm/acorn/maven-metadata.xml
2023-12-21 18:33:45,876 [Worker-18: Building] INFO  o.e.m.c.i.e.AbstractTransferListenerAdapter - Downloading https://repo.maven.apache.org/maven2/org/webjars/npm/foreach/maven-metadata.xml
2023-12-21 18:33:45,886 [Worker-18: Building] INFO  o.e.m.c.i.e.AbstractTransferListenerAdapter - Downloaded https://repo.maven.apache.org/maven2/org/webjars/npm/foreach/maven-metadata.xml
2023-12-21 18:33:45,986 [Worker-18: Building] INFO  o.e.m.c.i.e.AbstractTransferListenerAdapter - Downloading https://repo.maven.apache.org/maven2/org/webjars/npm/object-keys/maven-metadata.xml
2023-12-21 18:33:45,997 [Worker-18: Building] INFO  o.e.m.c.i.e.AbstractTransferListenerAdapter - Downloaded https://repo.maven.apache.org/maven2/org/webjars/npm/object-keys/maven-metadata.xml
2023-12-21 18:33:46,137 [Worker-18: Building] INFO  o.e.m.c.i.e.AbstractTransferListenerAdapter - Downloading https://repo.maven.apache.org/maven2/org/webjars/npm/through2/maven-metadata.xml
2023-12-21 18:33:46,165 [Worker-18: Building] INFO  o.e.m.c.i.e.AbstractTransferListenerAdapter - Downloaded https://repo.maven.apache.org/maven2/org/webjars/npm/through2/maven-metadata.xml
2023-12-21 18:33:46,317 [Worker-18: Building] INFO  o.e.m.c.i.e.AbstractTransferListenerAdapter - Downloading https://repo.maven.apache.org/maven2/org/webjars/npm/readable-stream/maven-metadata.xml
2023-12-21 18:33:46,352 [Worker-18: Building] INFO  o.e.m.c.i.e.AbstractTransferListenerAdapter - Downloaded https://repo.maven.apache.org/maven2/org/webjars/npm/readable-stream/maven-metadata.xml
2023-12-21 18:33:46,463 [Worker-18: Building] INFO  o.e.m.c.i.e.AbstractTransferListenerAdapter - Downloading https://repo.maven.apache.org/maven2/org/webjars/npm/core-util-is/maven-metadata.xml
2023-12-21 18:33:46,479 [Worker-18: Building] INFO  o.e.m.c.i.e.AbstractTransferListenerAdapter - Downloaded https://repo.maven.apache.org/maven2/org/webjars/npm/core-util-is/maven-metadata.xml
2023-12-21 18:33:46,615 [Worker-18: Building] INFO  o.e.m.c.i.e.AbstractTransferListenerAdapter - Downloading https://repo.maven.apache.org/maven2/org/webjars/npm/string_decoder/maven-metadata.xml
2023-12-21 18:33:46,625 [Worker-18: Building] INFO  o.e.m.c.i.e.AbstractTransferListenerAdapter - Downloaded https://repo.maven.apache.org/maven2/org/webjars/npm/string_decoder/maven-metadata.xml
2023-12-21 18:33:46,742 [Worker-18: Building] INFO  o.e.m.c.i.e.AbstractTransferListenerAdapter - Downloading https://repo.maven.apache.org/maven2/org/webjars/npm/inherits/maven-metadata.xml
2023-12-21 18:33:46,762 [Worker-18: Building] INFO  o.e.m.c.i.e.AbstractTransferListenerAdapter - Downloaded https://repo.maven.apache.org/maven2/org/webjars/npm/inherits/maven-metadata.xml
2023-12-21 18:33:46,906 [Worker-18: Building] INFO  o.e.m.c.i.e.AbstractTransferListenerAdapter - Downloading https://repo.maven.apache.org/maven2/org/webjars/npm/xtend/maven-metadata.xml
2023-12-21 18:33:46,915 [Worker-18: Building] INFO  o.e.m.c.i.e.AbstractTransferListenerAdapter - Downloaded https://repo.maven.apache.org/maven2/org/webjars/npm/xtend/maven-metadata.xml
2023-12-21 18:33:47,036 [Worker-18: Building] INFO  o.e.m.c.i.e.AbstractTransferListenerAdapter - Downloading https://repo.maven.apache.org/maven2/org/webjars/npm/unreachable-branch-transform/maven-metadata.xml
2023-12-21 18:33:47,046 [Worker-18: Building] INFO  o.e.m.c.i.e.AbstractTransferListenerAdapter - Downloaded https://repo.maven.apache.org/maven2/org/webjars/npm/unreachable-branch-transform/maven-metadata.xml
2023-12-21 18:33:47,152 [Worker-18: Building] INFO  o.e.m.c.i.e.AbstractTransferListenerAdapter - Downloading https://repo.maven.apache.org/maven2/org/webjars/npm/esmangle-evaluator/maven-metadata.xml
2023-12-21 18:33:47,161 [Worker-18: Building] INFO  o.e.m.c.i.e.AbstractTransferListenerAdapter - Downloaded https://repo.maven.apache.org/maven2/org/webjars/npm/esmangle-evaluator/maven-metadata.xml
2023-12-21 18:33:47,275 [Worker-18: Building] INFO  o.e.m.c.i.e.AbstractTransferListenerAdapter - Downloading https://repo.maven.apache.org/maven2/org/webjars/npm/recast/maven-metadata.xml
2023-12-21 18:33:47,285 [Worker-18: Building] INFO  o.e.m.c.i.e.AbstractTransferListenerAdapter - Downloaded https://repo.maven.apache.org/maven2/org/webjars/npm/recast/maven-metadata.xml
2023-12-21 18:33:47,388 [Worker-18: Building] INFO  o.e.m.c.i.e.AbstractTransferListenerAdapter - Downloading https://repo.maven.apache.org/maven2/org/webjars/npm/esprima-fb/maven-metadata.xml
2023-12-21 18:33:47,397 [Worker-18: Building] INFO  o.e.m.c.i.e.AbstractTransferListenerAdapter - Downloaded https://repo.maven.apache.org/maven2/org/webjars/npm/esprima-fb/maven-metadata.xml
2023-12-21 18:33:47,494 [Worker-18: Building] INFO  o.e.m.c.i.e.AbstractTransferListenerAdapter - Downloading https://repo.maven.apache.org/maven2/org/webjars/npm/source-map/maven-metadata.xml
2023-12-21 18:33:47,503 [Worker-18: Building] INFO  o.e.m.c.i.e.AbstractTransferListenerAdapter - Downloaded https://repo.maven.apache.org/maven2/org/webjars/npm/source-map/maven-metadata.xml
2023-12-21 18:33:47,620 [Worker-18: Building] INFO  o.e.m.c.i.e.AbstractTransferListenerAdapter - Downloading https://repo.maven.apache.org/maven2/org/webjars/npm/amdefine/maven-metadata.xml
2023-12-21 18:33:47,631 [Worker-18: Building] INFO  o.e.m.c.i.e.AbstractTransferListenerAdapter - Downloaded https://repo.maven.apache.org/maven2/org/webjars/npm/amdefine/maven-metadata.xml
2023-12-21 18:33:47,762 [Worker-18: Building] INFO  o.e.m.c.i.e.AbstractTransferListenerAdapter - Downloading https://repo.maven.apache.org/maven2/org/webjars/npm/private/maven-metadata.xml
2023-12-21 18:33:47,777 [Worker-18: Building] INFO  o.e.m.c.i.e.AbstractTransferListenerAdapter - Downloaded https://repo.maven.apache.org/maven2/org/webjars/npm/private/maven-metadata.xml
2023-12-21 18:33:47,871 [Worker-18: Building] INFO  o.e.m.c.i.e.AbstractTransferListenerAdapter - Downloading https://repo.maven.apache.org/maven2/org/webjars/npm/ast-types/maven-metadata.xml
2023-12-21 18:33:47,890 [Worker-18: Building] INFO  o.e.m.c.i.e.AbstractTransferListenerAdapter - Downloaded https://repo.maven.apache.org/maven2/org/webjars/npm/ast-types/maven-metadata.xml
2023-12-21 18:33:48,075 [Worker-18: Building] INFO  o.e.m.c.i.e.AbstractTransferListenerAdapter - Downloaded https://repo.maven.apache.org/maven2/org/webjars/npm/through2/0.6.3/through2-0.6.3.pom
2023-12-21 18:33:48,079 [Worker-18: Building] WARN  o.e.m.c.i.embedder.EclipseLogger - The POM for org.webjars.npm:through2:jar:0.6.3 is missing, no dependency information available
2023-12-21 18:33:48,186 [Worker-18: Building] INFO  o.e.m.c.i.e.AbstractTransferListenerAdapter - Downloading https://repo.maven.apache.org/maven2/org/webjars/npm/pako/maven-metadata.xml
2023-12-21 18:33:48,194 [Worker-18: Building] INFO  o.e.m.c.i.e.AbstractTransferListenerAdapter - Downloaded https://repo.maven.apache.org/maven2/org/webjars/npm/pako/maven-metadata.xml
2023-12-21 18:33:48,345 [Worker-18: Building] INFO  o.e.m.c.i.e.AbstractTransferListenerAdapter - Downloading https://repo.maven.apache.org/maven2/org/webjars/npm/util-deprecate/maven-metadata.xml
2023-12-21 18:33:48,377 [Worker-18: Building] INFO  o.e.m.c.i.e.AbstractTransferListenerAdapter - Downloaded https://repo.maven.apache.org/maven2/org/webjars/npm/util-deprecate/maven-metadata.xml
2023-12-21 18:33:48,535 [Worker-18: Building] INFO  o.e.m.c.i.e.AbstractTransferListenerAdapter - Downloading https://repo.maven.apache.org/maven2/org/webjars/npm/safe-buffer/maven-metadata.xml
2023-12-21 18:33:48,546 [Worker-18: Building] INFO  o.e.m.c.i.e.AbstractTransferListenerAdapter - Downloaded https://repo.maven.apache.org/maven2/org/webjars/npm/safe-buffer/maven-metadata.xml
2023-12-21 18:33:48,662 [Worker-18: Building] INFO  o.e.m.c.i.e.AbstractTransferListenerAdapter - Downloading https://repo.maven.apache.org/maven2/org/webjars/npm/process-nextick-args/maven-metadata.xml
2023-12-21 18:33:48,673 [Worker-18: Building] INFO  o.e.m.c.i.e.AbstractTransferListenerAdapter - Downloaded https://repo.maven.apache.org/maven2/org/webjars/npm/process-nextick-args/maven-metadata.xml
2023-12-21 18:33:48,796 [Worker-18: Building] INFO  o.e.m.c.i.e.AbstractTransferListenerAdapter - Downloading https://repo.maven.apache.org/maven2/org/webjars/npm/isarray/maven-metadata.xml
2023-12-21 18:33:48,810 [Worker-18: Building] INFO  o.e.m.c.i.e.AbstractTransferListenerAdapter - Downloaded https://repo.maven.apache.org/maven2/org/webjars/npm/isarray/maven-metadata.xml
2023-12-21 18:33:48,918 [Worker-18: Building] INFO  o.e.m.c.i.e.AbstractTransferListenerAdapter - Downloading https://repo.maven.apache.org/maven2/org/webjars/npm/setimmediate/maven-metadata.xml
2023-12-21 18:33:48,929 [Worker-18: Building] INFO  o.e.m.c.i.e.AbstractTransferListenerAdapter - Downloaded https://repo.maven.apache.org/maven2/org/webjars/npm/setimmediate/maven-metadata.xml
2023-12-21 18:33:49,037 [Worker-18: Building] INFO  o.e.m.c.i.e.AbstractTransferListenerAdapter - Downloading https://repo.maven.apache.org/maven2/org/webjars/npm/tmp/maven-metadata.xml
2023-12-21 18:33:49,048 [Worker-18: Building] INFO  o.e.m.c.i.e.AbstractTransferListenerAdapter - Downloaded https://repo.maven.apache.org/maven2/org/webjars/npm/tmp/maven-metadata.xml
2023-12-21 18:33:49,148 [Worker-18: Building] INFO  o.e.m.c.i.e.AbstractTransferListenerAdapter - Downloading https://repo.maven.apache.org/maven2/org/webjars/npm/rimraf/maven-metadata.xml
2023-12-21 18:33:49,157 [Worker-18: Building] INFO  o.e.m.c.i.e.AbstractTransferListenerAdapter - Downloaded https://repo.maven.apache.org/maven2/org/webjars/npm/rimraf/maven-metadata.xml
2023-12-21 18:33:49,251 [Worker-18: Building] INFO  o.e.m.c.i.e.AbstractTransferListenerAdapter - Downloading https://repo.maven.apache.org/maven2/org/webjars/npm/glob/maven-metadata.xml
2023-12-21 18:33:49,281 [Worker-18: Building] INFO  o.e.m.c.i.e.AbstractTransferListenerAdapter - Downloaded https://repo.maven.apache.org/maven2/org/webjars/npm/glob/maven-metadata.xml
2023-12-21 18:33:49,416 [Worker-18: Building] INFO  o.e.m.c.i.e.AbstractTransferListenerAdapter - Downloading https://repo.maven.apache.org/maven2/org/webjars/npm/inflight/maven-metadata.xml
2023-12-21 18:33:49,434 [Worker-18: Building] INFO  o.e.m.c.i.e.AbstractTransferListenerAdapter - Downloaded https://repo.maven.apache.org/maven2/org/webjars/npm/inflight/maven-metadata.xml
2023-12-21 18:33:49,541 [Worker-18: Building] INFO  o.e.m.c.i.e.AbstractTransferListenerAdapter - Downloading https://repo.maven.apache.org/maven2/org/webjars/npm/once/maven-metadata.xml
2023-12-21 18:33:49,562 [Worker-18: Building] INFO  o.e.m.c.i.e.AbstractTransferListenerAdapter - Downloaded https://repo.maven.apache.org/maven2/org/webjars/npm/once/maven-metadata.xml
2023-12-21 18:33:49,672 [Worker-18: Building] INFO  o.e.m.c.i.e.AbstractTransferListenerAdapter - Downloading https://repo.maven.apache.org/maven2/org/webjars/npm/wrappy/maven-metadata.xml
2023-12-21 18:33:49,696 [Worker-18: Building] INFO  o.e.m.c.i.e.AbstractTransferListenerAdapter - Downloaded https://repo.maven.apache.org/maven2/org/webjars/npm/wrappy/maven-metadata.xml
2023-12-21 18:33:49,818 [Worker-18: Building] INFO  o.e.m.c.i.e.AbstractTransferListenerAdapter - Downloading https://repo.maven.apache.org/maven2/org/webjars/npm/fs.realpath/maven-metadata.xml
2023-12-21 18:33:49,838 [Worker-18: Building] INFO  o.e.m.c.i.e.AbstractTransferListenerAdapter - Downloaded https://repo.maven.apache.org/maven2/org/webjars/npm/fs.realpath/maven-metadata.xml
2023-12-21 18:33:49,930 [Worker-18: Building] INFO  o.e.m.c.i.e.AbstractTransferListenerAdapter - Downloading https://repo.maven.apache.org/maven2/org/webjars/npm/path-is-absolute/maven-metadata.xml
2023-12-21 18:33:49,952 [Worker-18: Building] INFO  o.e.m.c.i.e.AbstractTransferListenerAdapter - Downloaded https://repo.maven.apache.org/maven2/org/webjars/npm/path-is-absolute/maven-metadata.xml
2023-12-21 18:33:50,094 [Worker-18: Building] INFO  o.e.m.c.i.e.AbstractTransferListenerAdapter - Downloading https://repo.maven.apache.org/maven2/org/webjars/npm/minimatch/maven-metadata.xml
2023-12-21 18:33:50,108 [Worker-18: Building] INFO  o.e.m.c.i.e.AbstractTransferListenerAdapter - Downloaded https://repo.maven.apache.org/maven2/org/webjars/npm/minimatch/maven-metadata.xml
2023-12-21 18:33:50,208 [Worker-18: Building] INFO  o.e.m.c.i.e.AbstractTransferListenerAdapter - Downloading https://repo.maven.apache.org/maven2/org/webjars/npm/brace-expansion/maven-metadata.xml
2023-12-21 18:33:50,222 [Worker-18: Building] INFO  o.e.m.c.i.e.AbstractTransferListenerAdapter - Downloaded https://repo.maven.apache.org/maven2/org/webjars/npm/brace-expansion/maven-metadata.xml
2023-12-21 18:33:50,333 [Worker-18: Building] INFO  o.e.m.c.i.e.AbstractTransferListenerAdapter - Downloading https://repo.maven.apache.org/maven2/org/webjars/npm/balanced-match/maven-metadata.xml
2023-12-21 18:33:50,348 [Worker-18: Building] INFO  o.e.m.c.i.e.AbstractTransferListenerAdapter - Downloaded https://repo.maven.apache.org/maven2/org/webjars/npm/balanced-match/maven-metadata.xml
2023-12-21 18:33:50,518 [Worker-18: Building] INFO  o.e.m.c.i.e.AbstractTransferListenerAdapter - Downloading https://repo.maven.apache.org/maven2/org/webjars/npm/ws/maven-metadata.xml
2023-12-21 18:33:50,534 [Worker-18: Building] INFO  o.e.m.c.i.e.AbstractTransferListenerAdapter - Downloaded https://repo.maven.apache.org/maven2/org/webjars/npm/ws/maven-metadata.xml
2023-12-21 18:33:51,356 [Worker-18: Building] WARN  o.a.m.s.f.DefaultMavenResourcesFiltering - Using platform encoding (Cp1252 actually) to copy filtered resources, i.e. build is platform dependent!
2023-12-21 18:33:51,359 [Worker-18: Building] INFO  o.a.m.s.f.DefaultMavenResourcesFiltering - Copying 0 resource from src\main\resources to target\classes
2023-12-21 18:33:51,363 [Worker-18: Building] WARN  o.a.m.s.f.DefaultMavenResourcesFiltering - Using platform encoding (Cp1252 actually) to copy filtered resources, i.e. build is platform dependent!
2023-12-21 18:33:51,366 [Worker-18: Building] INFO  o.a.m.s.f.DefaultMavenResourcesFiltering - Copying 0 resource from src\test\resources to target\test-classes
2023-12-21 18:34:20,285 [Worker-25: Building] INFO  o.e.m.c.i.l.LifecycleMappingFactory - Using org.eclipse.m2e.jdt.JarLifecycleMapping lifecycle mapping for MavenProject: Prep2:Prep2:0.0.1-SNAPSHOT @ C:\Users\E010302\eclipse-workspace\Preparation2\Prep2\pom.xml.
2023-12-21 18:34:20,756 [Worker-25: Building] WARN  o.e.m.c.i.embedder.EclipseLogger - The POM for org.webjars.npm:through2:jar:0.6.3 is missing, no dependency information available
2023-12-21 18:34:21,929 [Worker-25: Building] WARN  o.a.m.s.f.DefaultMavenResourcesFiltering - Using platform encoding (Cp1252 actually) to copy filtered resources, i.e. build is platform dependent!
2023-12-21 18:34:21,933 [Worker-25: Building] INFO  o.a.m.s.f.DefaultMavenResourcesFiltering - Copying 0 resource from src\main\resources to target\classes
2023-12-21 18:34:21,936 [Worker-25: Building] WARN  o.a.m.s.f.DefaultMavenResourcesFiltering - Using platform encoding (Cp1252 actually) to copy filtered resources, i.e. build is platform dependent!
2023-12-21 18:34:21,939 [Worker-25: Building] INFO  o.a.m.s.f.DefaultMavenResourcesFiltering - Copying 0 resource from src\test\resources to target\test-classes
2023-12-21 18:36:31,820 [Worker-29: Building] WARN  o.a.m.s.f.DefaultMavenResourcesFiltering - Using platform encoding (Cp1252 actually) to copy filtered resources, i.e. build is platform dependent!
2023-12-21 18:36:31,824 [Worker-29: Building] INFO  o.a.m.s.f.DefaultMavenResourcesFiltering - Copying 0 resource from src\main\resources to target\classes
2023-12-21 18:36:31,826 [Worker-29: Building] WARN  o.a.m.s.f.DefaultMavenResourcesFiltering - Using platform encoding (Cp1252 actually) to copy filtered resources, i.e. build is platform dependent!
2023-12-21 18:36:31,829 [Worker-29: Building] INFO  o.a.m.s.f.DefaultMavenResourcesFiltering - Copying 0 resource from src\test\resources to target\test-classes
2023-12-21 18:36:47,888 [Worker-27: Building] WARN  o.a.m.s.f.DefaultMavenResourcesFiltering - Using platform encoding (Cp1252 actually) to copy filtered resources, i.e. build is platform dependent!
2023-12-21 18:36:47,890 [Worker-27: Building] INFO  o.a.m.s.f.DefaultMavenResourcesFiltering - Copying 0 resource from src\main\resources to target\classes
2023-12-21 18:36:47,892 [Worker-27: Building] WARN  o.a.m.s.f.DefaultMavenResourcesFiltering - Using platform encoding (Cp1252 actually) to copy filtered resources, i.e. build is platform dependent!
2023-12-21 18:36:47,894 [Worker-27: Building] INFO  o.a.m.s.f.DefaultMavenResourcesFiltering - Copying 0 resource from src\test\resources to target\test-classes
2023-12-21 19:06:54,024 [Worker-36: Building] WARN  o.a.m.s.f.DefaultMavenResourcesFiltering - Using platform encoding (Cp1252 actually) to copy filtered resources, i.e. build is platform dependent!
2023-12-21 19:06:54,027 [Worker-36: Building] INFO  o.a.m.s.f.DefaultMavenResourcesFiltering - Copying 0 resource from src\main\resources to target\classes
2023-12-21 19:06:54,029 [Worker-36: Building] WARN  o.a.m.s.f.DefaultMavenResourcesFiltering - Using platform encoding (Cp1252 actually) to copy filtered resources, i.e. build is platform dependent!
2023-12-21 19:06:54,032 [Worker-36: Building] INFO  o.a.m.s.f.DefaultMavenResourcesFiltering - Copying 0 resource from src\test\resources to target\test-classes
2023-12-21 19:07:26,591 [Worker-36: Building] WARN  o.a.m.s.f.DefaultMavenResourcesFiltering - Using platform encoding (Cp1252 actually) to copy filtered resources, i.e. build is platform dependent!
2023-12-21 19:07:26,594 [Worker-36: Building] INFO  o.a.m.s.f.DefaultMavenResourcesFiltering - Copying 0 resource from src\main\resources to target\classes
2023-12-21 19:07:26,598 [Worker-36: Building] WARN  o.a.m.s.f.DefaultMavenResourcesFiltering - Using platform encoding (Cp1252 actually) to copy filtered resources, i.e. build is platform dependent!
2023-12-21 19:07:26,600 [Worker-36: Building] INFO  o.a.m.s.f.DefaultMavenResourcesFiltering - Copying 0 resource from src\test\resources to target\test-classes
